                                     Prefix Verb     URI Pattern                                                                              Controller#Action
                                       root GET      /                                                                                        top#index
                                topic_netas POST     /topics/:topic_id/netas(.:format)                                                        netas#create
                             new_topic_neta GET      /topics/:topic_id/netas/new(.:format)                                                    netas#new
                             topic_comments POST     /topics/:topic_id/comments(.:format)                                                     comments#create
                                topic_likes POST     /topics/:topic_id/likes(.:format)                                                        likes#create
                                 topic_like DELETE   /topics/:topic_id/likes/:id(.:format)                                                    likes#destroy
                            topic_interests POST     /topics/:topic_id/interests(.:format)                                                    interests#create
                             topic_interest DELETE   /topics/:topic_id/interests/:id(.:format)                                                interests#destroy
                  delete_header_image_topic DELETE   /topics/:id/delete_header_image(.:format)                                                topics#delete_header_image
                                     topics GET      /topics(.:format)                                                                        topics#index
                                            POST     /topics(.:format)                                                                        topics#create
                                  new_topic GET      /topics/new(.:format)                                                                    topics#new
                                 edit_topic GET      /topics/:id/edit(.:format)                                                               topics#edit
                                      topic GET      /topics/:id(.:format)                                                                    topics#show
                                            PATCH    /topics/:id(.:format)                                                                    topics#update
                                            PUT      /topics/:id(.:format)                                                                    topics#update
                                            DELETE   /topics/:id(.:format)                                                                    topics#destroy
                                neta_trades POST     /netas/:neta_id/trades(.:format)                                                         trades#create
                             new_neta_trade GET      /netas/:neta_id/trades/new(.:format)                                                     trades#new
                               neta_reviews POST     /netas/:neta_id/reviews(.:format)                                                        reviews#create
                                neta_review GET      /netas/:neta_id/reviews/:id(.:format)                                                    reviews#show
                             neta_interests POST     /netas/:neta_id/interests(.:format)                                                      interests#create
                              neta_interest DELETE   /netas/:neta_id/interests/:id(.:format)                                                  interests#destroy
                                  edit_neta GET      /netas/:id/edit(.:format)                                                                netas#edit
                                       neta GET      /netas/:id(.:format)                                                                     netas#show
                                            PATCH    /netas/:id(.:format)                                                                     netas#update
                                            PUT      /netas/:id(.:format)                                                                     netas#update
                                            DELETE   /netas/:id(.:format)                                                                     netas#destroy
                              comment_likes POST     /comments/:comment_id/likes(.:format)                                                    likes#create
                               comment_like DELETE   /comments/:comment_id/likes/:id(.:format)                                                likes#destroy
                                    comment GET      /comments/:id(.:format)                                                                  comments#show
                                  inquiries POST     /inquiries(.:format)                                                                     inquiries#create
                                new_inquiry GET      /inquiries/new(.:format)                                                                 inquiries#new
                             netas_hashtags GET      /neta/hashtag/:hashname(.:format)                                                        netas#hashtags
               neta_tag_search_autocomplete GET      /neta/tag_search_autocomplete(.:format)                                                  netas#tag_search_autocomplete
                                 copychecks GET      /copychecks(.:format)                                                                    copychecks#index
                                            POST     /copychecks(.:format)                                                                    copychecks#create
                              new_copycheck GET      /copychecks/new(.:format)                                                                copychecks#new
                                  copycheck GET      /copychecks/:id(.:format)                                                                copychecks#show
                                            PATCH    /copychecks/:id(.:format)                                                                copychecks#update
                                            PUT      /copychecks/:id(.:format)                                                                copychecks#update
                           new_user_session GET      /users/sign_in(.:format)                                                                 users/sessions#new
                               user_session POST     /users/sign_in(.:format)                                                                 users/sessions#create
                       destroy_user_session DELETE   /users/sign_out(.:format)                                                                users/sessions#destroy
                          new_user_password GET      /users/password/new(.:format)                                                            users/passwords#new
                         edit_user_password GET      /users/password/edit(.:format)                                                           users/passwords#edit
                              user_password PATCH    /users/password(.:format)                                                                users/passwords#update
                                            PUT      /users/password(.:format)                                                                users/passwords#update
                                            POST     /users/password(.:format)                                                                users/passwords#create
                   cancel_user_registration GET      /users/cancel(.:format)                                                                  users/registrations#cancel
                      new_user_registration GET      /users/sign_up(.:format)                                                                 users/registrations#new
                     edit_user_registration GET      /users/edit(.:format)                                                                    users/registrations#edit
                          user_registration PATCH    /users(.:format)                                                                         users/registrations#update
                                            PUT      /users(.:format)                                                                         users/registrations#update
                                            DELETE   /users(.:format)                                                                         users/registrations#destroy
                                            POST     /users(.:format)                                                                         users/registrations#create
                                            GET|POST /auth/:provider/callback(.:format)                                                       sessions#create
                               user_follows POST     /users/:user_id/follows(.:format)                                                        follows#create
                                user_follow DELETE   /users/:user_id/follows/:id(.:format)                                                    follows#destroy
                           user_follows_idx GET      /users/:user_id/follows/:direction(.:format)                                             follows#index
                            user_violations POST     /users/:user_id/violations(.:format)                                                     violations#create
                         new_user_violation GET      /users/:user_id/violations/new(.:format)                                                 violations#new
                              user_payments GET      /users/:user_id/payments(.:format)                                                       payments#index
                                            POST     /users/:user_id/payments(.:format)                                                       payments#create
                           new_user_payment GET      /users/:user_id/payments/new(.:format)                                                   payments#new
                         user_subscriptions POST     /users/:user_id/subscriptions(.:format)                                                  subscriptions#create
                      new_user_subscription GET      /users/:user_id/subscriptions/new(.:format)                                              subscriptions#new
                          user_subscription GET      /users/:user_id/subscriptions/:id(.:format)                                              subscriptions#show
                                            DELETE   /users/:user_id/subscriptions/:id(.:format)                                              subscriptions#destroy
                   account_externalaccounts POST     /accounts/:account_id/externalaccounts(.:format)                                         externalaccounts#create
                new_account_externalaccount GET      /accounts/:account_id/externalaccounts/new(.:format)                                     externalaccounts#new
                       edit_externalaccount GET      /externalaccounts/:id/edit(.:format)                                                     externalaccounts#edit
                            externalaccount PATCH    /externalaccounts/:id(.:format)                                                          externalaccounts#update
                                            PUT      /externalaccounts/:id(.:format)                                                          externalaccounts#update
                            account_payouts POST     /accounts/:account_id/payouts(.:format)                                                  payouts#create
                         new_account_payout GET      /accounts/:account_id/payouts/new(.:format)                                              payouts#new
                            account_idcards GET      /accounts/:account_id/idcards(.:format)                                                  idcards#index
                                            POST     /accounts/:account_id/idcards(.:format)                                                  idcards#create
                         new_account_idcard GET      /accounts/:account_id/idcards/new(.:format)                                              idcards#new
                                edit_idcard GET      /idcards/:id/edit(.:format)                                                              idcards#edit
                                     idcard PATCH    /idcards/:id(.:format)                                                                   idcards#update
                                            PUT      /idcards/:id(.:format)                                                                   idcards#update
                                            DELETE   /idcards/:id(.:format)                                                                   idcards#destroy
                              user_accounts POST     /users/:user_id/accounts(.:format)                                                       accounts#create
                           new_user_account GET      /users/:user_id/accounts/new(.:format)                                                   accounts#new
                               edit_account GET      /accounts/:id/edit(.:format)                                                             accounts#edit
                                    account GET      /accounts/:id(.:format)                                                                  accounts#show
                                            PATCH    /accounts/:id(.:format)                                                                  accounts#update
                                            PUT      /accounts/:id(.:format)                                                                  accounts#update
                                            DELETE   /accounts/:id(.:format)                                                                  accounts#destroy
                                  edit_user GET      /users/:id/edit(.:format)                                                                users#edit
                                       user GET      /users/:id(.:format)                                                                     users#show
                                            PATCH    /users/:id(.:format)                                                                     users#update
                                            PUT      /users/:id(.:format)                                                                     users#update
                       accounts_new_confirm POST     /users/:user_id/accounts/confirm(.:format)                                               accounts#confirm
                      accounts_edit_confirm PATCH    /accounts/:id/confirm(.:format)                                                          accounts#confirm
                              delete_avatar DELETE   /users/:id/delete_avatar(.:format)                                                       users#delete_avatar
  externalaccounts_bank_search_autocomplete GET      /externalaccounts/bank_search_autocomplete(.:format)                                     externalaccounts#bank_search_autocomplete
externalaccounts_branch_search_autocomplete GET      /externalaccounts/branch_search_autocomplete(.:format)                                   externalaccounts#branch_search_autocomplete
                              trade_webhook POST     /trades/webhook(.:format)                                                                trades#webhook
                         rails_service_blob GET      /rails/active_storage/blobs/:signed_id/*filename(.:format)                               active_storage/blobs#show
                  rails_blob_representation GET      /rails/active_storage/representations/:signed_blob_id/:variation_key/*filename(.:format) active_storage/representations#show
                         rails_disk_service GET      /rails/active_storage/disk/:encoded_key/*filename(.:format)                              active_storage/disk#show
                  update_rails_disk_service PUT      /rails/active_storage/disk/:encoded_token(.:format)                                      active_storage/disk#update
                       rails_direct_uploads POST     /rails/active_storage/direct_uploads(.:format)                                           active_storage/direct_uploads#create
                                                     /rambulance                                                                              #<Proc:0x0000000005cd1680@/home/ec2-user/.rvm/gems/ruby-2.6.5/gems/rambulance-1.0.3/lib/rambulance/railtie.rb:20 (lambda)>